<?xml version="1.0" encoding="UTF-8"?>
<testng-results ignored="0" total="1" passed="1" failed="0" skipped="0">
  <reporter-output>
  </reporter-output>
  <suite started-at="2025-08-20T21:00:29 IST" name="Default suite" finished-at="2025-08-20T21:00:32 IST" duration-ms="2720">
    <groups>
    </groups>
    <test started-at="2025-08-20T21:00:29 IST" name="Default test" finished-at="2025-08-20T21:00:32 IST" duration-ms="2720">
      <class name="driverFactory.AppTest">
        <test-method signature="startTest()[pri:0, instance:driverFactory.AppTest@33d512c1]" started-at="2025-08-20T21:00:29 IST" name="startTest" finished-at="2025-08-20T21:00:31 IST" duration-ms="2662" status="PASS">
          <reporter-output>
          </reporter-output>
        </test-method> <!-- startTest -->
      </class> <!-- driverFactory.AppTest -->
    </test> <!-- Default test -->
  </suite> <!-- Default suite -->
</testng-results>
